<?xml version="1.0" encoding="UTF-8"?>
<!-- Generated by org.testng.reporters.JUnitReportReporter -->
<testsuite hostname="DESKTOP-9SFDE2T" failures="0" tests="1" name="qsp1.Demo" time="0.014" errors="0" timestamp="2024-08-14T02:06:39 PDT" skipped="0">
  <testcase classname="qsp1.Demo" name="appl" time="0.014"/>
  <system-out/>
</testsuite> <!-- qsp1.Demo -->
