<?xml version="1.0" encoding="UTF-8"?>
<!-- Generated by org.testng.reporters.JUnitReportReporter -->
<testsuite hostname="DESKTOP-9SFDE2T" failures="0" tests="1" name="qsp1.Demo1" time="0.008" errors="0" timestamp="2024-08-15T01:53:52 PDT" skipped="0">
  <testcase classname="qsp1.Demo1" name="Appln2" time="0.008"/>
  <system-out/>
</testsuite> <!-- qsp1.Demo1 -->
